<?xml version="1.0" encoding="utf-8"?><testsuites><testsuite name="pytest" errors="0" failures="0" skipped="20" tests="45" time="7.628" timestamp="2025-05-30T13:21:42.092621-06:00" hostname="Pedro-Pacheco-RNFQMXJ07W"><testcase classname="src.tests.unit.test_content_parsers" name="test_async_langflow_docs_markdown_parser" time="0.024" /><testcase classname="src.tests.unit.test_content_parsers" name="test_async_python_component_parser" time="0.003" /><testcase classname="src.tests.unit.test_content_parsers" name="test_async_python_sample_parser" time="2.442" /><testcase classname="src.tests.unit.test_crawler" name="test_filesystem_crawler_finds_files_with_extension" time="0.011" /><testcase classname="src.tests.unit.test_crawler" name="test_filesystem_crawler_respects_max_depth" time="0.009" /><testcase classname="src.tests.unit.test_crawler" name="test_filesystem_crawler_handles_permission_error" time="0.002" /><testcase classname="src.tests.unit.test_crawler" name="test_filesystem_crawler_skips_discarded_files" time="0.005" /><testcase classname="src.tests.unit.test_crawler" name="test_filesystem_crawler_output_to_list" time="0.008" /><testcase classname="src.tests.unit.test_crawler" name="test_filesystem_crawler_output_to_file" time="0.009" /><testcase classname="src.tests.unit.test_crawler" name="test_async_web_crawler_crawls_links" time="0.023" /><testcase classname="src.tests.unit.test_embedding" name="test_ollama_embedding" time="0.789" /><testcase classname="src.tests.unit.test_embedding" name="test_openai_embedding" time="0.716" /><testcase classname="src.tests.unit.test_vector_store" name="test_initialize_client_non_vectorize_mode" time="0.001"><skipped type="pytest.skip" message="All crawler tests temporarily disabled">/Users/pedropacheco/Projects/dev/graphrag-agent/src/tests/unit/test_vector_store.py:121: All crawler tests temporarily disabled</skipped></testcase><testcase classname="src.tests.unit.test_vector_store" name="test_prepare_document_non_vectorize" time="0.001"><skipped type="pytest.skip" message="All crawler tests temporarily disabled">/Users/pedropacheco/Projects/dev/graphrag-agent/src/tests/unit/test_vector_store.py:48: All crawler tests temporarily disabled</skipped></testcase><testcase classname="src.tests.unit.test_vector_store" name="test_retrieve_non_vectorize_requires_embedding" time="0.001"><skipped type="pytest.skip" message="All crawler tests temporarily disabled">/Users/pedropacheco/Projects/dev/graphrag-agent/src/tests/unit/test_vector_store.py:64: All crawler tests temporarily disabled</skipped></testcase><testcase classname="src.tests.unit.test_vector_store" name="test_retrieve_non_vectorize_with_embedding" time="0.001"><skipped type="pytest.skip" message="All crawler tests temporarily disabled">/Users/pedropacheco/Projects/dev/graphrag-agent/src/tests/unit/test_vector_store.py:92: All crawler tests temporarily disabled</skipped></testcase><testcase classname="src.tests.unit.test_vector_store" name="test_sample_empty_collection" time="0.001"><skipped type="pytest.skip" message="All crawler tests temporarily disabled">/Users/pedropacheco/Projects/dev/graphrag-agent/src/tests/unit/test_vector_store.py:129: All crawler tests temporarily disabled</skipped></testcase><testcase classname="src.tests.unit.test_vector_store" name="test_prepare_document_simple_content" time="0.001"><skipped type="pytest.skip" message="All crawler tests temporarily disabled">/Users/pedropacheco/Projects/dev/graphrag-agent/src/tests/unit/test_vector_store.py:136: All crawler tests temporarily disabled</skipped></testcase><testcase classname="src.tests.unit.test_vector_store" name="test_prepare_document_list_content" time="0.001"><skipped type="pytest.skip" message="All crawler tests temporarily disabled">/Users/pedropacheco/Projects/dev/graphrag-agent/src/tests/unit/test_vector_store.py:153: All crawler tests temporarily disabled</skipped></testcase><testcase classname="src.tests.unit.test_vector_store" name="test_prepare_document_no_content" time="0.001"><skipped type="pytest.skip" message="All crawler tests temporarily disabled">/Users/pedropacheco/Projects/dev/graphrag-agent/src/tests/unit/test_vector_store.py:170: All crawler tests temporarily disabled</skipped></testcase><testcase classname="src.tests.unit.test_vector_store" name="test_prepare_document_none_input" time="0.000"><skipped type="pytest.skip" message="All crawler tests temporarily disabled">/Users/pedropacheco/Projects/dev/graphrag-agent/src/tests/unit/test_vector_store.py:182: All crawler tests temporarily disabled</skipped></testcase><testcase classname="src.tests.unit.test_vector_store" name="test_process_item_single_document" time="0.001"><skipped type="pytest.skip" message="All crawler tests temporarily disabled">/Users/pedropacheco/Projects/dev/graphrag-agent/src/tests/unit/test_vector_store.py:189: All crawler tests temporarily disabled</skipped></testcase><testcase classname="src.tests.unit.test_vector_store" name="test_process_item_invalid_document" time="0.001"><skipped type="pytest.skip" message="All crawler tests temporarily disabled">/Users/pedropacheco/Projects/dev/graphrag-agent/src/tests/unit/test_vector_store.py:205: All crawler tests temporarily disabled</skipped></testcase><testcase classname="src.tests.unit.test_vector_store" name="test_write_batch_processing" time="0.001"><skipped type="pytest.skip" message="All crawler tests temporarily disabled">/Users/pedropacheco/Projects/dev/graphrag-agent/src/tests/unit/test_vector_store.py:213: All crawler tests temporarily disabled</skipped></testcase><testcase classname="src.tests.unit.test_vector_store" name="test_retrieve_with_vectorize" time="0.001"><skipped type="pytest.skip" message="All crawler tests temporarily disabled">/Users/pedropacheco/Projects/dev/graphrag-agent/src/tests/unit/test_vector_store.py:244: All crawler tests temporarily disabled</skipped></testcase><testcase classname="src.tests.unit.test_vector_store" name="test_retrieve_with_filter" time="0.000"><skipped type="pytest.skip" message="All crawler tests temporarily disabled">/Users/pedropacheco/Projects/dev/graphrag-agent/src/tests/unit/test_vector_store.py:282: All crawler tests temporarily disabled</skipped></testcase><testcase classname="src.tests.unit.test_vector_store" name="test_retrieve_empty_results" time="0.000"><skipped type="pytest.skip" message="All crawler tests temporarily disabled">/Users/pedropacheco/Projects/dev/graphrag-agent/src/tests/unit/test_vector_store.py:316: All crawler tests temporarily disabled</skipped></testcase><testcase classname="src.tests.unit.test_vector_store" name="test_retrieve_with_non_vectorize_mode" time="0.001"><skipped type="pytest.skip" message="All crawler tests temporarily disabled">/Users/pedropacheco/Projects/dev/graphrag-agent/src/tests/unit/test_vector_store.py:326: All crawler tests temporarily disabled</skipped></testcase><testcase classname="src.tests.unit.test_vector_store" name="test_multiple_initialization_calls" time="0.000"><skipped type="pytest.skip" message="All crawler tests temporarily disabled">/Users/pedropacheco/Projects/dev/graphrag-agent/src/tests/unit/test_vector_store.py:355: All crawler tests temporarily disabled</skipped></testcase><testcase classname="src.tests.unit.test_vector_store" name="test_collection_truncation" time="0.000"><skipped type="pytest.skip" message="All crawler tests temporarily disabled">/Users/pedropacheco/Projects/dev/graphrag-agent/src/tests/unit/test_vector_store.py:368: All crawler tests temporarily disabled</skipped></testcase><testcase classname="src.tests.unit.test_vector_store" name="test_batch_size_configuration" time="0.000"><skipped type="pytest.skip" message="All crawler tests temporarily disabled">/Users/pedropacheco/Projects/dev/graphrag-agent/src/tests/unit/test_vector_store.py:414: All crawler tests temporarily disabled</skipped></testcase><testcase classname="src.tests.unit.test_vector_store" name="test_processed_count_tracking" time="0.000"><skipped type="pytest.skip" message="All crawler tests temporarily disabled">/Users/pedropacheco/Projects/dev/graphrag-agent/src/tests/unit/test_vector_store.py:432: All crawler tests temporarily disabled</skipped></testcase><testcase classname="src.tests.integration.test_integration_crawler_and_parser" name="test_crawler_finds_python_components" time="0.194" /><testcase classname="src.tests.integration.test_integration_crawler_and_parser" name="test_crawler_finds_markdown_docs" time="0.054" /><testcase classname="src.tests.integration.test_integration_crawler_and_parser" name="test_langflow_docs_parser_on_actual_file" time="0.229" /><testcase classname="src.tests.integration.test_integration_crawler_and_parser" name="test_python_component_parser_on_actual_file" time="0.003" /><testcase classname="src.tests.integration.test_integration_crawler_and_parser" name="test_python_sample_parser_on_actual_file" time="0.003" /><testcase classname="src.tests.integration.test_integration_crawler_and_parser" name="test_docs_crawler_parser_pipeline" time="0.671" /><testcase classname="src.tests.integration.test_integration_crawler_and_parser" name="test_components_crawler_parser_pipeline" time="0.498" /><testcase classname="src.tests.integration.test_integration_crawler_and_parser" name="test_samples_crawler_parser_pipeline" time="0.055" /><testcase classname="src.tests.integration.test_integration_crawler_and_parser" name="test_file_crawler_with_synthetic_data" time="0.012" /><testcase classname="src.tests.integration.test_integration_crawler_and_parser" name="test_docs_parser" time="0.079" /><testcase classname="src.tests.integration.test_integration_crawler_and_parser" name="test_components_parser" time="0.002" /><testcase classname="src.tests.integration.test_integration_crawler_and_parser" name="test_examples_parser" time="0.002" /><testcase classname="src.tests.integration.test_integration_crawler_and_parser" name="test_samples_parser" time="0.002" /></testsuite></testsuites>